<?xml version="1.0" encoding="UTF-8"?>
<!-- Generated by org.testng.reporters.JUnitReportReporter -->
<testsuite skipped="0" hostname="sony-PC" name="Sample.WebTable" tests="1" failures="0" timestamp="16 Jun 2020 05:29:34 GMT" time="5.754" errors="1">
  <testcase name="webtable" time="5.754" classname="Sample.WebTable">
    <error type="org.openqa.selenium.SessionNotCreatedException" message="session not created: This version of ChromeDriver only supports Chrome version 81
Build info: version: &#039;3.141.59&#039;, revision: &#039;e82be7d358&#039;, time: &#039;2018-11-14T08:17:03&#039;
System info: host: &#039;SONY-PC&#039;, ip: &#039;192.168.29.237&#039;, os.name: &#039;Windows 7&#039;, os.arch: &#039;amd64&#039;, os.version: &#039;6.1&#039;, java.version: &#039;1.8.0_231&#039;
Driver info: driver.version: ChromeDriver
remote stacktrace: Backtrace:
	Ordinal0 [0x00C35E93+2449043]
	Ordinal0 [0x00B68281+1606273]
	Ordinal0 [0x00A5F889+522377]
	Ordinal0 [0x009F05F3+67059]
	Ordinal0 [0x009ECD92+52626]
	Ordinal0 [0x00A0C127+180519]
	Ordinal0 [0x00A0BF2D+180013]
	Ordinal0 [0x00A09E5B+171611]
	Ordinal0 [0x009F1DD8+73176]
	Ordinal0 [0x009F2E50+77392]
	Ordinal0 [0x009F2DE9+77289]
	Ordinal0 [0x00B7D7F7+1693687]
	GetHandleVerifier [0x00CD4576+522742]
	GetHandleVerifier [0x00CD42B4+522036]
	GetHandleVerifier [0x00CE9587+608775]
	GetHandleVerifier [0x00CD4DE6+524902]
	Ordinal0 [0x00B75BDC+1661916]
	Ordinal0 [0x00B7F15B+1700187]
	Ordinal0 [0x00B7F2C3+1700547]
	Ordinal0 [0x00B95135+1790261]
	BaseThreadInitThunk [0x75DA33AA+18]
	RtlInitializeExceptionChain [0x77429F72+99]
	RtlInitializeExceptionChain [0x77429F45+54]
">
      <![CDATA[org.openqa.selenium.SessionNotCreatedException: session not created: This version of ChromeDriver only supports Chrome version 81
Build info: version: '3.141.59', revision: 'e82be7d358', time: '2018-11-14T08:17:03'
System info: host: 'SONY-PC', ip: '192.168.29.237', os.name: 'Windows 7', os.arch: 'amd64', os.version: '6.1', java.version: '1.8.0_231'
Driver info: driver.version: ChromeDriver
remote stacktrace: Backtrace:
Ordinal0 [0x00C35E93+2449043]
Ordinal0 [0x00B68281+1606273]
Ordinal0 [0x00A5F889+522377]
Ordinal0 [0x009F05F3+67059]
Ordinal0 [0x009ECD92+52626]
Ordinal0 [0x00A0C127+180519]
Ordinal0 [0x00A0BF2D+180013]
Ordinal0 [0x00A09E5B+171611]
Ordinal0 [0x009F1DD8+73176]
Ordinal0 [0x009F2E50+77392]
Ordinal0 [0x009F2DE9+77289]
Ordinal0 [0x00B7D7F7+1693687]
GetHandleVerifier [0x00CD4576+522742]
GetHandleVerifier [0x00CD42B4+522036]
GetHandleVerifier [0x00CE9587+608775]
GetHandleVerifier [0x00CD4DE6+524902]
Ordinal0 [0x00B75BDC+1661916]
Ordinal0 [0x00B7F15B+1700187]
Ordinal0 [0x00B7F2C3+1700547]
Ordinal0 [0x00B95135+1790261]
BaseThreadInitThunk [0x75DA33AA+18]
RtlInitializeExceptionChain [0x77429F72+99]
RtlInitializeExceptionChain [0x77429F45+54]

at sun.reflect.NativeConstructorAccessorImpl.newInstance0(Native Method)
at sun.reflect.NativeConstructorAccessorImpl.newInstance(NativeConstructorAccessorImpl.java:62)
at sun.reflect.DelegatingConstructorAccessorImpl.newInstance(DelegatingConstructorAccessorImpl.java:45)
at java.lang.reflect.Constructor.newInstance(Constructor.java:423)
at org.openqa.selenium.remote.W3CHandshakeResponse.lambda$errorHandler$0(W3CHandshakeResponse.java:62)
at org.openqa.selenium.remote.HandshakeResponse.lambda$getResponseFunction$0(HandshakeResponse.java:30)
at org.openqa.selenium.remote.ProtocolHandshake.lambda$createSession$0(ProtocolHandshake.java:126)
at java.util.stream.ReferencePipeline$3$1.accept(ReferencePipeline.java:193)
at java.util.Spliterators$ArraySpliterator.tryAdvance(Spliterators.java:958)
at java.util.stream.ReferencePipeline.forEachWithCancel(ReferencePipeline.java:126)
at java.util.stream.AbstractPipeline.copyIntoWithCancel(AbstractPipeline.java:499)
at java.util.stream.AbstractPipeline.copyInto(AbstractPipeline.java:486)
at java.util.stream.AbstractPipeline.wrapAndCopyInto(AbstractPipeline.java:472)
at java.util.stream.FindOps$FindOp.evaluateSequential(FindOps.java:152)
at java.util.stream.AbstractPipeline.evaluate(AbstractPipeline.java:234)
at java.util.stream.ReferencePipeline.findFirst(ReferencePipeline.java:464)
at org.openqa.selenium.remote.ProtocolHandshake.createSession(ProtocolHandshake.java:128)
at org.openqa.selenium.remote.ProtocolHandshake.createSession(ProtocolHandshake.java:74)
at org.openqa.selenium.remote.HttpCommandExecutor.execute(HttpCommandExecutor.java:136)
at org.openqa.selenium.remote.service.DriverCommandExecutor.execute(DriverCommandExecutor.java:83)
at org.openqa.selenium.remote.RemoteWebDriver.execute(RemoteWebDriver.java:552)
at org.openqa.selenium.remote.RemoteWebDriver.startSession(RemoteWebDriver.java:213)
at org.openqa.selenium.remote.RemoteWebDriver.<init>(RemoteWebDriver.java:131)
at org.openqa.selenium.chrome.ChromeDriver.<init>(ChromeDriver.java:181)
at org.openqa.selenium.chrome.ChromeDriver.<init>(ChromeDriver.java:168)
at org.openqa.selenium.chrome.ChromeDriver.<init>(ChromeDriver.java:123)
at TestBase.TestInitialization.TestInitialization1(TestInitialization.java:14)
at ObjectRepository.Repository1.Repository(Repository1.java:13)
at Sample.WebTable.webtable(WebTable.java:20)
at sun.reflect.NativeMethodAccessorImpl.invoke0(Native Method)
at sun.reflect.NativeMethodAccessorImpl.invoke(NativeMethodAccessorImpl.java:62)
at sun.reflect.DelegatingMethodAccessorImpl.invoke(DelegatingMethodAccessorImpl.java:43)
at java.lang.reflect.Method.invoke(Method.java:498)
at org.testng.internal.MethodInvocationHelper.invokeMethod(MethodInvocationHelper.java:124)
at org.testng.internal.Invoker.invokeMethod(Invoker.java:583)
at org.testng.internal.Invoker.invokeTestMethod(Invoker.java:719)
at org.testng.internal.Invoker.invokeTestMethods(Invoker.java:989)
at org.testng.internal.TestMethodWorker.invokeTestMethods(TestMethodWorker.java:125)
at org.testng.internal.TestMethodWorker.run(TestMethodWorker.java:109)
at org.testng.TestRunner.privateRun(TestRunner.java:648)
at org.testng.TestRunner.run(TestRunner.java:505)
at org.testng.SuiteRunner.runTest(SuiteRunner.java:455)
at org.testng.SuiteRunner.runSequentially(SuiteRunner.java:450)
at org.testng.SuiteRunner.privateRun(SuiteRunner.java:415)
at org.testng.SuiteRunner.run(SuiteRunner.java:364)
at org.testng.SuiteRunnerWorker.runSuite(SuiteRunnerWorker.java:52)
at org.testng.SuiteRunnerWorker.run(SuiteRunnerWorker.java:84)
at org.testng.TestNG.runSuitesSequentially(TestNG.java:1208)
at org.testng.TestNG.runSuitesLocally(TestNG.java:1137)
at org.testng.TestNG.runSuites(TestNG.java:1049)
at org.testng.TestNG.run(TestNG.java:1017)
at org.apache.maven.surefire.testng.TestNGExecutor.run(TestNGExecutor.java:283)
at org.apache.maven.surefire.testng.TestNGXmlTestSuite.execute(TestNGXmlTestSuite.java:75)
at org.apache.maven.surefire.testng.TestNGProvider.invoke(TestNGProvider.java:120)
at org.apache.maven.surefire.booter.ForkedBooter.runSuitesInProcess(ForkedBooter.java:377)
at org.apache.maven.surefire.booter.ForkedBooter.execute(ForkedBooter.java:138)
at org.apache.maven.surefire.booter.ForkedBooter.run(ForkedBooter.java:465)
at org.apache.maven.surefire.booter.ForkedBooter.main(ForkedBooter.java:451)
]]>
    </error>
  </testcase> <!-- webtable -->
</testsuite> <!-- Sample.WebTable -->
